<test-run id="2" testcasecount="1" result="Passed" start-time="2026-01-08 09:08:28.505502" end-time="2026-01-08 09:08:44.853939" duration="16" total="1" passed="1" failed="0" inconclusive="0" skipped="0" asserts="0" clr-version="3.11.2 (main, Apr 28 2025, 14:11:48) [GCC 12.2.0]" engine-version="3.6.2"><command-line>/home/pi/Desktop/PiMicroMarket/testsuite/.venv/bin/pytest test_checkout.py</command-line><filter><test re="0">test_checkout.py</test></filter><test-suite id="test_checkout.py" name="test_checkout.py" fullname="test_checkout.py" methodname="" classname="" runstate="Runnable" type="Assembly" testcasecount="1" result="Passed" label="" start-time="2026-01-08 09:08:28.593366" end-time="2026-01-08 09:08:44.853688" duration="16.260322" asserts="0" total="1" passed="1" failed="0" warnings="0" inconclusive="0" skipped="0"><properties><property name="python_version" value="3.11.2 (main, Apr 28 2025, 14:11:48) [GCC 12.2.0]" /></properties><test-case id="100" name="test_checkout.py::test_checkout_success[29230353867655]" fullname="test_checkout.py::test_checkout_success[29230353867655]" methodname="test_checkout_success[29230353867655]" classname="test_checkout.py" runstate="Runnable" seed="1" result="Passed" label="" start-time="2026-01-08 09:08:28.593366" end-time="2026-01-08 09:08:44.853688" duration="16.260322" asserts="0"><properties><property name="python-version" value="3.11.2 (main, Apr 28 2025, 14:11:48) [GCC 12.2.0]" /><property name="fspath" value="test_checkout.py" /></properties><environment framework-version="3.6.2" clr-version="3.11.2 (main, Apr 28 2025, 14:11:48) [GCC 12.2.0]" os-version="6.12.25+rpt-rpi-v8" platform="Linux" cwd="/home/pi/Desktop/PiMicroMarket/testsuite" machine-name="aarch64" user="" user-domain="" culture="en_GB" uiculture="en_GB" os-architecture="32bit" /><failure><message><![CDATA[]]></message><stack-trace><![CDATA[None]]></stack-trace></failure><reason><message><![CDATA[&#x1b;[32mINFO    &#x1b;[0m root:test_checkout.py:18 waiting to access the account info
&#x1b;[32mINFO    &#x1b;[0m root:test_checkout.py:27 extracting text from the image]]></message></reason><output><![CDATA[&#x1b;[32mINFO    &#x1b;[0m root:test_checkout.py:18 waiting to access the account info
&#x1b;[32mINFO    &#x1b;[0m root:test_checkout.py:27 extracting text from the image]]></output></test-case><environment framework-version="3.6.2" clr-version="3.11.2 (main, Apr 28 2025, 14:11:48) [GCC 12.2.0]" os-version="6.12.25+rpt-rpi-v8" platform="Linux" cwd="/home/pi/Desktop/PiMicroMarket/testsuite" machine-name="aarch64" user="" user-domain="" culture="en_GB" uiculture="en_GB" os-architecture="32bit" /></test-suite></test-run>